<?xml version="1.0" encoding="UTF-8"?>
<!-- Generated by org.testng.reporters.JUnitReportReporter -->
<testsuite hostname="DESKTOP-QK9M2DL" failures="0" tests="5" name="com.qa.automation.test.ProductInfoPageTest" time="0.010" errors="1" timestamp="22 Jul. 2022 19:26:21 GMT" skipped="4">
  <testcase classname="com.qa.automation.test.ProductInfoPageTest" name="selectQtyTest" time="0.000">
    <skipped/>
  </testcase> <!-- selectQtyTest -->
  <testcase classname="com.qa.automation.test.ProductInfoPageTest" name="addToCartTest" time="0.000">
    <skipped/>
  </testcase> <!-- addToCartTest -->
  <testcase classname="com.qa.automation.test.ProductInfoPageTest" name="proceedToCheckoutTest" time="0.000">
    <skipped/>
  </testcase> <!-- proceedToCheckoutTest -->
  <testcase classname="com.qa.automation.test.ProductInfoPageTest" name="selectSizeTest" time="0.000">
    <skipped/>
  </testcase> <!-- selectSizeTest -->
  <testcase classname="com.qa.automation.test.ProductInfoPageTest" name="productInfoPageSetup" time="0.010">
    <error message="Cannot invoke &quot;com.qa.automationpractice.pages.AccountsPage.selectElement()&quot; because &quot;this.accountsPage&quot; is null" type="java.lang.NullPointerException">
      <![CDATA[java.lang.NullPointerException: Cannot invoke "com.qa.automationpractice.pages.AccountsPage.selectElement()" because "this.accountsPage" is null
at com.qa.automation.test.ProductInfoPageTest.productInfoPageSetup(ProductInfoPageTest.java:12)
at java.base/jdk.internal.reflect.NativeMethodAccessorImpl.invoke0(Native Method)
at java.base/jdk.internal.reflect.NativeMethodAccessorImpl.invoke(NativeMethodAccessorImpl.java:77)
at java.base/jdk.internal.reflect.DelegatingMethodAccessorImpl.invoke(DelegatingMethodAccessorImpl.java:43)
at java.base/java.lang.reflect.Method.invoke(Method.java:568)
at org.testng.internal.MethodInvocationHelper.invokeMethod(MethodInvocationHelper.java:124)
at org.testng.internal.MethodInvocationHelper.invokeMethodConsideringTimeout(MethodInvocationHelper.java:59)
at org.testng.internal.Invoker.invokeConfigurationMethod(Invoker.java:458)
at org.testng.internal.Invoker.invokeConfigurations(Invoker.java:222)
at org.testng.internal.Invoker.invokeConfigurations(Invoker.java:142)
at org.testng.internal.TestMethodWorker.invokeBeforeClassMethods(TestMethodWorker.java:168)
at org.testng.internal.TestMethodWorker.run(TestMethodWorker.java:105)
at org.testng.TestRunner.privateRun(TestRunner.java:648)
at org.testng.TestRunner.run(TestRunner.java:505)
at org.testng.SuiteRunner.runTest(SuiteRunner.java:455)
at org.testng.SuiteRunner.runSequentially(SuiteRunner.java:450)
at org.testng.SuiteRunner.privateRun(SuiteRunner.java:415)
at org.testng.SuiteRunner.run(SuiteRunner.java:364)
at org.testng.SuiteRunnerWorker.runSuite(SuiteRunnerWorker.java:52)
at org.testng.SuiteRunnerWorker.run(SuiteRunnerWorker.java:84)
at org.testng.TestNG.runSuitesSequentially(TestNG.java:1208)
at org.testng.TestNG.runSuitesLocally(TestNG.java:1137)
at org.testng.TestNG.runSuites(TestNG.java:1049)
at org.testng.TestNG.run(TestNG.java:1017)
at org.testng.remote.AbstractRemoteTestNG.run(AbstractRemoteTestNG.java:115)
at org.testng.remote.RemoteTestNG.initAndRun(RemoteTestNG.java:251)
at org.testng.remote.RemoteTestNG.main(RemoteTestNG.java:77)
]]>
    </error>
  </testcase> <!-- productInfoPageSetup -->
</testsuite> <!-- com.qa.automation.test.ProductInfoPageTest -->
